# JRE version: OpenJDK Runtime Environment Temurin-21.0.7+6 (21.0.7+6) (build 21.0.7+6-LTS)
# Java VM: OpenJDK 64-Bit Server VM Temurin-21.0.7+6 (21.0.7+6-LTS, mixed mode, sharing, tiered, compressed oops, compressed class ptrs, parallel gc, windows-amd64)
GC Precious Log:
 CardTable entry size: 512
 CPUs: 4 total, 4 available
 Memory: 8119M
 Large Page Support: Disabled
 NUMA Support: Disabled
 Compressed Oops: Enabled (32-bit)
 Alignments: Space 512K, Generation 512K, Heap 2M
 Heap Min Capacity: 100M
 Heap Initial Capacity: 100M
 Heap Max Capacity: 2G
 Pre-touch: Disabled
 Parallel Workers: 4
Heap:
 PSYoungGen      total 29696K, used 7156K [0x00000000d5580000, 0x00000000d7900000, 0x0000000100000000)
  eden space 29184K, 24% used [0x00000000d5580000,0x00000000d5c7d248,0x00000000d7200000)
  from space 512K, 0% used [0x00000000d7580000,0x00000000d7580000,0x00000000d7600000)
  to   space 3584K, 0% used [0x00000000d7200000,0x00000000d7200000,0x00000000d7580000)
 ParOldGen       total 402432K, used 391501K [0x0000000080000000, 0x0000000098900000, 0x00000000d5580000)
  object space 402432K, 97% used [0x0000000080000000,0x0000000097e53548,0x0000000098900000)
 Metaspace       used 69553K, committed 71104K, reserved 1114112K
  class space    used 6833K, committed 7552K, reserved 1048576K
GC Heap History (20 events):
Event: 319.073 GC heap after
{Heap after GC invocations=864 (full 11):
 PSYoungGen      total 17408K, used 0K [0x00000000d5580000, 0x00000000d6900000, 0x0000000100000000)
  eden space 16896K, 0% used [0x00000000d5580000,0x00000000d5580000,0x00000000d6600000)
  from space 512K, 0% used [0x00000000d6800000,0x00000000d6800000,0x00000000d6880000)
  to   space 512K, 0% used [0x00000000d6880000,0x00000000d6880000,0x00000000d6900000)
 ParOldGen       total 432640K, used 393745K [0x0000000080000000, 0x000000009a680000, 0x00000000d5580000)
  object space 432640K, 91% used [0x0000000080000000,0x0000000098084568,0x000000009a680000)
 Metaspace       used 69535K, committed 70976K, reserved 1114112K
  class space    used 6832K, committed 7488K, reserved 1048576K
}
Event: 319.476 GC heap before
{Heap before GC invocations=865 (full 11):
 PSYoungGen      total 17408K, used 16620K [0x00000000d5580000, 0x00000000d6900000, 0x0000000100000000)
  eden space 16896K, 98% used [0x00000000d5580000,0x00000000d65bb298,0x00000000d6600000)
  from space 512K, 0% used [0x00000000d6800000,0x00000000d6800000,0x00000000d6880000)
  to   space 512K, 0% used [0x00000000d6880000,0x00000000d6880000,0x00000000d6900000)
 ParOldGen       total 564224K, used 558723K [0x0000000080000000, 0x00000000a2700000, 0x00000000d5580000)
  object space 564224K, 99% used [0x0000000080000000,0x00000000a21a0d78,0x00000000a2700000)
 Metaspace       used 69535K, committed 70976K, reserved 1114112K
  class space    used 6832K, committed 7488K, reserved 1048576K
}
Event: 319.480 GC heap after
{Heap after GC invocations=865 (full 11):
 PSYoungGen      total 19456K, used 272K [0x00000000d5580000, 0x00000000d6980000, 0x0000000100000000)
  eden space 18944K, 0% used [0x00000000d5580000,0x00000000d5580000,0x00000000d6800000)
  from space 512K, 53% used [0x00000000d6880000,0x00000000d68c4010,0x00000000d6900000)
  to   space 512K, 0% used [0x00000000d6800000,0x00000000d6800000,0x00000000d6880000)
 ParOldGen       total 564224K, used 560771K [0x0000000080000000, 0x00000000a2700000, 0x00000000d5580000)
  object space 564224K, 99% used [0x0000000080000000,0x00000000a23a0d88,0x00000000a2700000)
 Metaspace       used 69535K, committed 70976K, reserved 1114112K
  class space    used 6832K, committed 7488K, reserved 1048576K
}
Event: 319.817 GC heap before
{Heap before GC invocations=866 (full 11):
 PSYoungGen      total 19456K, used 16236K [0x00000000d5580000, 0x00000000d6980000, 0x0000000100000000)
  eden space 18944K, 84% used [0x00000000d5580000,0x00000000d6517198,0x00000000d6800000)
  from space 512K, 53% used [0x00000000d6880000,0x00000000d68c4010,0x00000000d6900000)
  to   space 512K, 0% used [0x00000000d6800000,0x00000000d6800000,0x00000000d6880000)
 ParOldGen       total 564224K, used 560771K [0x0000000080000000, 0x00000000a2700000, 0x00000000d5580000)
  object space 564224K, 99% used [0x0000000080000000,0x00000000a23a0d88,0x00000000a2700000)
 Metaspace       used 69535K, committed 70976K, reserved 1114112K
  class space    used 6832K, committed 7488K, reserved 1048576K
}
Event: 319.825 GC heap after
{Heap after GC invocations=866 (full 11):
 PSYoungGen      total 19456K, used 128K [0x00000000d5580000, 0x00000000d6c00000, 0x0000000100000000)
  eden space 18944K, 0% used [0x00000000d5580000,0x00000000d5580000,0x00000000d6800000)
  from space 512K, 25% used [0x00000000d6800000,0x00000000d6820000,0x00000000d6880000)
  to   space 512K, 0% used [0x00000000d6b80000,0x00000000d6b80000,0x00000000d6c00000)
 ParOldGen       total 568832K, used 564891K [0x0000000080000000, 0x00000000a2b80000, 0x00000000d5580000)
  object space 568832K, 99% used [0x0000000080000000,0x00000000a27a6da8,0x00000000a2b80000)
 Metaspace       used 69535K, committed 70976K, reserved 1114112K
  class space    used 6832K, committed 7488K, reserved 1048576K
}
Event: 320.025 GC heap before
{Heap before GC invocations=867 (full 11):
 PSYoungGen      total 19456K, used 17914K [0x00000000d5580000, 0x00000000d6c00000, 0x0000000100000000)
  eden space 18944K, 93% used [0x00000000d5580000,0x00000000d66de8a8,0x00000000d6800000)
  from space 512K, 25% used [0x00000000d6800000,0x00000000d6820000,0x00000000d6880000)
  to   space 512K, 0% used [0x00000000d6b80000,0x00000000d6b80000,0x00000000d6c00000)
 ParOldGen       total 585728K, used 581275K [0x0000000080000000, 0x00000000a3c00000, 0x00000000d5580000)
  object space 585728K, 99% used [0x0000000080000000,0x00000000a37a6db8,0x00000000a3c00000)
 Metaspace       used 69535K, committed 70976K, reserved 1114112K
  class space    used 6832K, committed 7488K, reserved 1048576K
}
Event: 320.032 GC heap after
{Heap after GC invocations=867 (full 11):
 PSYoungGen      total 22016K, used 32K [0x00000000d5580000, 0x00000000d6c00000, 0x0000000100000000)
  eden space 21504K, 0% used [0x00000000d5580000,0x00000000d5580000,0x00000000d6a80000)
  from space 512K, 6% used [0x00000000d6b80000,0x00000000d6b88000,0x00000000d6c00000)
  to   space 512K, 0% used [0x00000000d6b00000,0x00000000d6b00000,0x00000000d6b80000)
 ParOldGen       total 590848K, used 590515K [0x0000000080000000, 0x00000000a4100000, 0x00000000d5580000)
  object space 590848K, 99% used [0x0000000080000000,0x00000000a40acde8,0x00000000a4100000)
 Metaspace       used 69535K, committed 70976K, reserved 1114112K
  class space    used 6832K, committed 7488K, reserved 1048576K
}
Event: 320.863 GC heap before
{Heap before GC invocations=868 (full 11):
 PSYoungGen      total 22016K, used 20524K [0x00000000d5580000, 0x00000000d6c00000, 0x0000000100000000)
  eden space 21504K, 95% used [0x00000000d5580000,0x00000000d6983388,0x00000000d6a80000)
  from space 512K, 6% used [0x00000000d6b80000,0x00000000d6b88000,0x00000000d6c00000)
  to   space 512K, 0% used [0x00000000d6b00000,0x00000000d6b00000,0x00000000d6b80000)
 ParOldGen       total 941568K, used 937751K [0x0000000080000000, 0x00000000b9780000, 0x00000000d5580000)
  object space 941568K, 99% used [0x0000000080000000,0x00000000b93c5cc8,0x00000000b9780000)
 Metaspace       used 69539K, committed 70976K, reserved 1114112K
  class space    used 6832K, committed 7488K, reserved 1048576K
}
Event: 320.877 GC heap after
{Heap after GC invocations=868 (full 11):
 PSYoungGen      total 22016K, used 96K [0x00000000d5580000, 0x00000000d6c00000, 0x0000000100000000)
  eden space 21504K, 0% used [0x00000000d5580000,0x00000000d5580000,0x00000000d6a80000)
  from space 512K, 18% used [0x00000000d6b00000,0x00000000d6b18000,0x00000000d6b80000)
  to   space 512K, 0% used [0x00000000d6b80000,0x00000000d6b80000,0x00000000d6c00000)
 ParOldGen       total 957440K, used 954928K [0x0000000080000000, 0x00000000ba700000, 0x00000000d5580000)
  object space 957440K, 99% used [0x0000000080000000,0x00000000ba48c320,0x00000000ba700000)
 Metaspace       used 69539K, committed 70976K, reserved 1114112K
  class space    used 6832K, committed 7488K, reserved 1048576K
}
Event: 321.019 GC heap before
{Heap before GC invocations=869 (full 11):
 PSYoungGen      total 22016K, used 21600K [0x00000000d5580000, 0x00000000d6c00000, 0x0000000100000000)
  eden space 21504K, 100% used [0x00000000d5580000,0x00000000d6a80000,0x00000000d6a80000)
  from space 512K, 18% used [0x00000000d6b00000,0x00000000d6b18000,0x00000000d6b80000)
  to   space 512K, 0% used [0x00000000d6b80000,0x00000000d6b80000,0x00000000d6c00000)
 ParOldGen       total 957440K, used 954928K [0x0000000080000000, 0x00000000ba700000, 0x00000000d5580000)
  object space 957440K, 99% used [0x0000000080000000,0x00000000ba48c320,0x00000000ba700000)
 Metaspace       used 69543K, committed 70976K, reserved 1114112K
  class space    used 6832K, committed 7488K, reserved 1048576K
}
Event: 321.033 GC heap after
{Heap after GC invocations=869 (full 11):
 PSYoungGen      total 22016K, used 256K [0x00000000d5580000, 0x00000000d6c00000, 0x0000000100000000)
  eden space 21504K, 0% used [0x00000000d5580000,0x00000000d5580000,0x00000000d6a80000)
  from space 512K, 50% used [0x00000000d6b80000,0x00000000d6bc0000,0x00000000d6c00000)
  to   space 512K, 0% used [0x00000000d6b00000,0x00000000d6b00000,0x00000000d6b80000)
 ParOldGen       total 972800K, used 969544K [0x0000000080000000, 0x00000000bb600000, 0x00000000d5580000)
  object space 972800K, 99% used [0x0000000080000000,0x00000000bb2d23e8,0x00000000bb600000)
 Metaspace       used 69543K, committed 70976K, reserved 1114112K
  class space    used 6832K, committed 7488K, reserved 1048576K
}
Event: 321.217 GC heap before
{Heap before GC invocations=870 (full 11):
 PSYoungGen      total 22016K, used 21760K [0x00000000d5580000, 0x00000000d6c00000, 0x0000000100000000)
  eden space 21504K, 100% used [0x00000000d5580000,0x00000000d6a80000,0x00000000d6a80000)
  from space 512K, 50% used [0x00000000d6b80000,0x00000000d6bc0000,0x00000000d6c00000)
  to   space 512K, 0% used [0x00000000d6b00000,0x00000000d6b00000,0x00000000d6b80000)
 ParOldGen       total 972800K, used 969544K [0x0000000080000000, 0x00000000bb600000, 0x00000000d5580000)
  object space 972800K, 99% used [0x0000000080000000,0x00000000bb2d23e8,0x00000000bb600000)
 Metaspace       used 69545K, committed 70976K, reserved 1114112K
  class space    used 6832K, committed 7488K, reserved 1048576K
}
Event: 321.230 GC heap after
{Heap after GC invocations=870 (full 11):
 PSYoungGen      total 22016K, used 512K [0x00000000d5580000, 0x00000000d8680000, 0x0000000100000000)
  eden space 21504K, 0% used [0x00000000d5580000,0x00000000d5580000,0x00000000d6a80000)
  from space 512K, 100% used [0x00000000d6b00000,0x00000000d6b80000,0x00000000d6b80000)
  to   space 14336K, 0% used [0x00000000d7880000,0x00000000d7880000,0x00000000d8680000)
 ParOldGen       total 984064K, used 981304K [0x0000000080000000, 0x00000000bc100000, 0x00000000d5580000)
  object space 984064K, 99% used [0x0000000080000000,0x00000000bbe4e100,0x00000000bc100000)
 Metaspace       used 69545K, committed 70976K, reserved 1114112K
  class space    used 6832K, committed 7488K, reserved 1048576K
}
Event: 321.424 GC heap before
{Heap before GC invocations=871 (full 11):
 PSYoungGen      total 22016K, used 22016K [0x00000000d5580000, 0x00000000d8680000, 0x0000000100000000)
  eden space 21504K, 100% used [0x00000000d5580000,0x00000000d6a80000,0x00000000d6a80000)
  from space 512K, 100% used [0x00000000d6b00000,0x00000000d6b80000,0x00000000d6b80000)
  to   space 14336K, 0% used [0x00000000d7880000,0x00000000d7880000,0x00000000d8680000)
 ParOldGen       total 1006080K, used 1002840K [0x0000000080000000, 0x00000000bd680000, 0x00000000d5580000)
  object space 1006080K, 99% used [0x0000000080000000,0x00000000bd3563a8,0x00000000bd680000)
 Metaspace       used 69546K, committed 70976K, reserved 1114112K
  class space    used 6832K, committed 7488K, reserved 1048576K
}
Event: 321.434 GC heap after
{Heap after GC invocations=871 (full 11):
 PSYoungGen      total 24064K, used 2144K [0x00000000d5580000, 0x00000000d7b00000, 0x0000000100000000)
  eden space 21504K, 0% used [0x00000000d5580000,0x00000000d5580000,0x00000000d6a80000)
  from space 2560K, 83% used [0x00000000d7880000,0x00000000d7a98000,0x00000000d7b00000)
  to   space 6144K, 0% used [0x00000000d6f00000,0x00000000d6f00000,0x00000000d7500000)
 ParOldGen       total 1006080K, used 1003304K [0x0000000080000000, 0x00000000bd680000, 0x00000000d5580000)
  object space 1006080K, 99% used [0x0000000080000000,0x00000000bd3ca0c8,0x00000000bd680000)
 Metaspace       used 69546K, committed 70976K, reserved 1114112K
  class space    used 6832K, committed 7488K, reserved 1048576K
}
Event: 321.792 GC heap before
{Heap before GC invocations=872 (full 11):
 PSYoungGen      total 24064K, used 23648K [0x00000000d5580000, 0x00000000d7b00000, 0x0000000100000000)
  eden space 21504K, 100% used [0x00000000d5580000,0x00000000d6a80000,0x00000000d6a80000)
  from space 2560K, 83% used [0x00000000d7880000,0x00000000d7a98000,0x00000000d7b00000)
  to   space 6144K, 0% used [0x00000000d6f00000,0x00000000d6f00000,0x00000000d7500000)
 ParOldGen       total 1049600K, used 1046377K [0x0000000080000000, 0x00000000c0100000, 0x00000000d5580000)
  object space 1049600K, 99% used [0x0000000080000000,0x00000000bfdda600,0x00000000c0100000)
 Metaspace       used 69548K, committed 70976K, reserved 1114112K
  class space    used 6832K, committed 7488K, reserved 1048576K
}
Event: 321.802 GC heap after
{Heap after GC invocations=872 (full 11):
 PSYoungGen      total 27648K, used 2720K [0x00000000d5580000, 0x00000000d7900000, 0x0000000100000000)
  eden space 21504K, 0% used [0x00000000d5580000,0x00000000d5580000,0x00000000d6a80000)
  from space 6144K, 44% used [0x00000000d6f00000,0x00000000d71a8000,0x00000000d7500000)
  to   space 3584K, 0% used [0x00000000d7580000,0x00000000d7580000,0x00000000d7900000)
 ParOldGen       total 1049600K, used 1046377K [0x0000000080000000, 0x00000000c0100000, 0x00000000d5580000)
  object space 1049600K, 99% used [0x0000000080000000,0x00000000bfdda600,0x00000000c0100000)
 Metaspace       used 69548K, committed 70976K, reserved 1114112K
  class space    used 6832K, committed 7488K, reserved 1048576K
}
Event: 322.381 GC heap before
{Heap before GC invocations=873 (full 11):
 PSYoungGen      total 27648K, used 18685K [0x00000000d5580000, 0x00000000d7900000, 0x0000000100000000)
  eden space 21504K, 74% used [0x00000000d5580000,0x00000000d6517490,0x00000000d6a80000)
  from space 6144K, 44% used [0x00000000d6f00000,0x00000000d71a8000,0x00000000d7500000)
  to   space 3584K, 0% used [0x00000000d7580000,0x00000000d7580000,0x00000000d7900000)
 ParOldGen       total 1115136K, used 1110987K [0x0000000080000000, 0x00000000c4100000, 0x00000000d5580000)
  object space 1115136K, 99% used [0x0000000080000000,0x00000000c3cf2dd0,0x00000000c4100000)
 Metaspace       used 69550K, committed 71104K, reserved 1114112K
  class space    used 6833K, committed 7552K, reserved 1048576K
}
Event: 322.390 GC heap after
{Heap after GC invocations=873 (full 11):
 PSYoungGen      total 25088K, used 3328K [0x00000000d5580000, 0x00000000d7900000, 0x0000000100000000)
  eden space 21504K, 0% used [0x00000000d5580000,0x00000000d5580000,0x00000000d6a80000)
  from space 3584K, 92% used [0x00000000d7580000,0x00000000d78c0000,0x00000000d7900000)
  to   space 3584K, 0% used [0x00000000d7200000,0x00000000d7200000,0x00000000d7580000)
 ParOldGen       total 1115136K, used 1110987K [0x0000000080000000, 0x00000000c4100000, 0x00000000d5580000)
  object space 1115136K, 99% used [0x0000000080000000,0x00000000c3cf2dd0,0x00000000c4100000)
 Metaspace       used 69550K, committed 71104K, reserved 1114112K
  class space    used 6833K, committed 7552K, reserved 1048576K
}
Event: 322.390 GC heap before
{Heap before GC invocations=874 (full 11):
 PSYoungGen      total 25088K, used 3328K [0x00000000d5580000, 0x00000000d7900000, 0x0000000100000000)
  eden space 21504K, 0% used [0x00000000d5580000,0x00000000d5580000,0x00000000d6a80000)
  from space 3584K, 92% used [0x00000000d7580000,0x00000000d78c0000,0x00000000d7900000)
  to   space 3584K, 0% used [0x00000000d7200000,0x00000000d7200000,0x00000000d7580000)
 ParOldGen       total 1115136K, used 1110987K [0x0000000080000000, 0x00000000c4100000, 0x00000000d5580000)
  object space 1115136K, 99% used [0x0000000080000000,0x00000000c3cf2dd0,0x00000000c4100000)
 Metaspace       used 69550K, committed 71104K, reserved 1114112K
  class space    used 6833K, committed 7552K, reserved 1048576K
}

